                                      1 ;--------------------------------------------------------
                                      2 ; File Created by SDCC : free open source ANSI-C Compiler
                                      3 ; Version 4.0.0 #11528 (Linux)
                                      4 ;--------------------------------------------------------
                                      5 	.module SPIGeneric
                                      6 	.optsdcc -mmcs51 --model-medium
                                      7 	
                                      8 ;--------------------------------------------------------
                                      9 ; Public variables in this module
                                     10 ;--------------------------------------------------------
                                     11 	.globl __spigeneric_spit_bit
                                     12 	.globl _CY
                                     13 	.globl _AC
                                     14 	.globl _F0
                                     15 	.globl _RS1
                                     16 	.globl _RS0
                                     17 	.globl _OV
                                     18 	.globl _F1
                                     19 	.globl _P
                                     20 	.globl _PS
                                     21 	.globl _PT1
                                     22 	.globl _PX1
                                     23 	.globl _PT0
                                     24 	.globl _PX0
                                     25 	.globl _RD
                                     26 	.globl _WR
                                     27 	.globl _T1
                                     28 	.globl _T0
                                     29 	.globl _INT1
                                     30 	.globl _INT0
                                     31 	.globl _TXD
                                     32 	.globl _RXD
                                     33 	.globl _P3_7
                                     34 	.globl _P3_6
                                     35 	.globl _P3_5
                                     36 	.globl _P3_4
                                     37 	.globl _P3_3
                                     38 	.globl _P3_2
                                     39 	.globl _P3_1
                                     40 	.globl _P3_0
                                     41 	.globl _EA
                                     42 	.globl _ES
                                     43 	.globl _ET1
                                     44 	.globl _EX1
                                     45 	.globl _ET0
                                     46 	.globl _EX0
                                     47 	.globl _P2_7
                                     48 	.globl _P2_6
                                     49 	.globl _P2_5
                                     50 	.globl _P2_4
                                     51 	.globl _P2_3
                                     52 	.globl _P2_2
                                     53 	.globl _P2_1
                                     54 	.globl _P2_0
                                     55 	.globl _SM0
                                     56 	.globl _SM1
                                     57 	.globl _SM2
                                     58 	.globl _REN
                                     59 	.globl _TB8
                                     60 	.globl _RB8
                                     61 	.globl _TI
                                     62 	.globl _RI
                                     63 	.globl _P1_7
                                     64 	.globl _P1_6
                                     65 	.globl _P1_5
                                     66 	.globl _P1_4
                                     67 	.globl _P1_3
                                     68 	.globl _P1_2
                                     69 	.globl _P1_1
                                     70 	.globl _P1_0
                                     71 	.globl _TF1
                                     72 	.globl _TR1
                                     73 	.globl _TF0
                                     74 	.globl _TR0
                                     75 	.globl _IE1
                                     76 	.globl _IT1
                                     77 	.globl _IE0
                                     78 	.globl _IT0
                                     79 	.globl _P0_7
                                     80 	.globl _P0_6
                                     81 	.globl _P0_5
                                     82 	.globl _P0_4
                                     83 	.globl _P0_3
                                     84 	.globl _P0_2
                                     85 	.globl _P0_1
                                     86 	.globl _P0_0
                                     87 	.globl _B
                                     88 	.globl _ACC
                                     89 	.globl _PSW
                                     90 	.globl _IP
                                     91 	.globl _P3
                                     92 	.globl _IE
                                     93 	.globl _P2
                                     94 	.globl _SBUF
                                     95 	.globl _SCON
                                     96 	.globl _P1
                                     97 	.globl _TH1
                                     98 	.globl _TH0
                                     99 	.globl _TL1
                                    100 	.globl _TL0
                                    101 	.globl _TMOD
                                    102 	.globl _TCON
                                    103 	.globl _PCON
                                    104 	.globl _DPH
                                    105 	.globl _DPL
                                    106 	.globl _SP
                                    107 	.globl _P0
                                    108 	.globl __spigeneric_frame_start
                                    109 	.globl __spigeneric_frame_end
                                    110 	.globl __spigeneric_spit_byte
                                    111 	.globl __spigeneric_reset
                                    112 ;--------------------------------------------------------
                                    113 ; special function registers
                                    114 ;--------------------------------------------------------
                                    115 	.area RSEG    (ABS,DATA)
      000000                        116 	.org 0x0000
                           000080   117 _P0	=	0x0080
                           000081   118 _SP	=	0x0081
                           000082   119 _DPL	=	0x0082
                           000083   120 _DPH	=	0x0083
                           000087   121 _PCON	=	0x0087
                           000088   122 _TCON	=	0x0088
                           000089   123 _TMOD	=	0x0089
                           00008A   124 _TL0	=	0x008a
                           00008B   125 _TL1	=	0x008b
                           00008C   126 _TH0	=	0x008c
                           00008D   127 _TH1	=	0x008d
                           000090   128 _P1	=	0x0090
                           000098   129 _SCON	=	0x0098
                           000099   130 _SBUF	=	0x0099
                           0000A0   131 _P2	=	0x00a0
                           0000A8   132 _IE	=	0x00a8
                           0000B0   133 _P3	=	0x00b0
                           0000B8   134 _IP	=	0x00b8
                           0000D0   135 _PSW	=	0x00d0
                           0000E0   136 _ACC	=	0x00e0
                           0000F0   137 _B	=	0x00f0
                                    138 ;--------------------------------------------------------
                                    139 ; special function bits
                                    140 ;--------------------------------------------------------
                                    141 	.area RSEG    (ABS,DATA)
      000000                        142 	.org 0x0000
                           000080   143 _P0_0	=	0x0080
                           000081   144 _P0_1	=	0x0081
                           000082   145 _P0_2	=	0x0082
                           000083   146 _P0_3	=	0x0083
                           000084   147 _P0_4	=	0x0084
                           000085   148 _P0_5	=	0x0085
                           000086   149 _P0_6	=	0x0086
                           000087   150 _P0_7	=	0x0087
                           000088   151 _IT0	=	0x0088
                           000089   152 _IE0	=	0x0089
                           00008A   153 _IT1	=	0x008a
                           00008B   154 _IE1	=	0x008b
                           00008C   155 _TR0	=	0x008c
                           00008D   156 _TF0	=	0x008d
                           00008E   157 _TR1	=	0x008e
                           00008F   158 _TF1	=	0x008f
                           000090   159 _P1_0	=	0x0090
                           000091   160 _P1_1	=	0x0091
                           000092   161 _P1_2	=	0x0092
                           000093   162 _P1_3	=	0x0093
                           000094   163 _P1_4	=	0x0094
                           000095   164 _P1_5	=	0x0095
                           000096   165 _P1_6	=	0x0096
                           000097   166 _P1_7	=	0x0097
                           000098   167 _RI	=	0x0098
                           000099   168 _TI	=	0x0099
                           00009A   169 _RB8	=	0x009a
                           00009B   170 _TB8	=	0x009b
                           00009C   171 _REN	=	0x009c
                           00009D   172 _SM2	=	0x009d
                           00009E   173 _SM1	=	0x009e
                           00009F   174 _SM0	=	0x009f
                           0000A0   175 _P2_0	=	0x00a0
                           0000A1   176 _P2_1	=	0x00a1
                           0000A2   177 _P2_2	=	0x00a2
                           0000A3   178 _P2_3	=	0x00a3
                           0000A4   179 _P2_4	=	0x00a4
                           0000A5   180 _P2_5	=	0x00a5
                           0000A6   181 _P2_6	=	0x00a6
                           0000A7   182 _P2_7	=	0x00a7
                           0000A8   183 _EX0	=	0x00a8
                           0000A9   184 _ET0	=	0x00a9
                           0000AA   185 _EX1	=	0x00aa
                           0000AB   186 _ET1	=	0x00ab
                           0000AC   187 _ES	=	0x00ac
                           0000AF   188 _EA	=	0x00af
                           0000B0   189 _P3_0	=	0x00b0
                           0000B1   190 _P3_1	=	0x00b1
                           0000B2   191 _P3_2	=	0x00b2
                           0000B3   192 _P3_3	=	0x00b3
                           0000B4   193 _P3_4	=	0x00b4
                           0000B5   194 _P3_5	=	0x00b5
                           0000B6   195 _P3_6	=	0x00b6
                           0000B7   196 _P3_7	=	0x00b7
                           0000B0   197 _RXD	=	0x00b0
                           0000B1   198 _TXD	=	0x00b1
                           0000B2   199 _INT0	=	0x00b2
                           0000B3   200 _INT1	=	0x00b3
                           0000B4   201 _T0	=	0x00b4
                           0000B5   202 _T1	=	0x00b5
                           0000B6   203 _WR	=	0x00b6
                           0000B7   204 _RD	=	0x00b7
                           0000B8   205 _PX0	=	0x00b8
                           0000B9   206 _PT0	=	0x00b9
                           0000BA   207 _PX1	=	0x00ba
                           0000BB   208 _PT1	=	0x00bb
                           0000BC   209 _PS	=	0x00bc
                           0000D0   210 _P	=	0x00d0
                           0000D1   211 _F1	=	0x00d1
                           0000D2   212 _OV	=	0x00d2
                           0000D3   213 _RS0	=	0x00d3
                           0000D4   214 _RS1	=	0x00d4
                           0000D5   215 _F0	=	0x00d5
                           0000D6   216 _AC	=	0x00d6
                           0000D7   217 _CY	=	0x00d7
                                    218 ;--------------------------------------------------------
                                    219 ; overlayable register banks
                                    220 ;--------------------------------------------------------
                                    221 	.area REG_BANK_0	(REL,OVR,DATA)
      000000                        222 	.ds 8
                                    223 ;--------------------------------------------------------
                                    224 ; internal ram data
                                    225 ;--------------------------------------------------------
                                    226 	.area DSEG    (DATA)
                                    227 ;--------------------------------------------------------
                                    228 ; overlayable items in internal ram 
                                    229 ;--------------------------------------------------------
                                    230 ;--------------------------------------------------------
                                    231 ; indirectly addressable internal ram data
                                    232 ;--------------------------------------------------------
                                    233 	.area ISEG    (DATA)
                                    234 ;--------------------------------------------------------
                                    235 ; absolute internal ram data
                                    236 ;--------------------------------------------------------
                                    237 	.area IABS    (ABS,DATA)
                                    238 	.area IABS    (ABS,DATA)
                                    239 ;--------------------------------------------------------
                                    240 ; bit data
                                    241 ;--------------------------------------------------------
                                    242 	.area BSEG    (BIT)
                                    243 ;--------------------------------------------------------
                                    244 ; paged external ram data
                                    245 ;--------------------------------------------------------
                                    246 	.area PSEG    (PAG,XDATA)
                                    247 ;--------------------------------------------------------
                                    248 ; external ram data
                                    249 ;--------------------------------------------------------
                                    250 	.area XSEG    (XDATA)
                                    251 ;--------------------------------------------------------
                                    252 ; absolute external ram data
                                    253 ;--------------------------------------------------------
                                    254 	.area XABS    (ABS,XDATA)
                                    255 ;--------------------------------------------------------
                                    256 ; external initialized ram data
                                    257 ;--------------------------------------------------------
                                    258 	.area XISEG   (XDATA)
                                    259 	.area HOME    (CODE)
                                    260 	.area GSINIT0 (CODE)
                                    261 	.area GSINIT1 (CODE)
                                    262 	.area GSINIT2 (CODE)
                                    263 	.area GSINIT3 (CODE)
                                    264 	.area GSINIT4 (CODE)
                                    265 	.area GSINIT5 (CODE)
                                    266 	.area GSINIT  (CODE)
                                    267 	.area GSFINAL (CODE)
                                    268 	.area CSEG    (CODE)
                                    269 ;--------------------------------------------------------
                                    270 ; global & static initialisations
                                    271 ;--------------------------------------------------------
                                    272 	.area HOME    (CODE)
                                    273 	.area GSINIT  (CODE)
                                    274 	.area GSFINAL (CODE)
                                    275 	.area GSINIT  (CODE)
                                    276 ;--------------------------------------------------------
                                    277 ; Home
                                    278 ;--------------------------------------------------------
                                    279 	.area HOME    (CODE)
                                    280 	.area HOME    (CODE)
                                    281 ;--------------------------------------------------------
                                    282 ; code
                                    283 ;--------------------------------------------------------
                                    284 	.area CSEG    (CODE)
                                    285 ;------------------------------------------------------------
                                    286 ;Allocation info for local variables in function '_spigeneric_frame_start'
                                    287 ;------------------------------------------------------------
                                    288 ;	SPIGeneric.c:10: void _spigeneric_frame_start() {
                                    289 ;	-----------------------------------------
                                    290 ;	 function _spigeneric_frame_start
                                    291 ;	-----------------------------------------
      000000                        292 __spigeneric_frame_start:
                           000007   293 	ar7 = 0x07
                           000006   294 	ar6 = 0x06
                           000005   295 	ar5 = 0x05
                           000004   296 	ar4 = 0x04
                           000003   297 	ar3 = 0x03
                           000002   298 	ar2 = 0x02
                           000001   299 	ar1 = 0x01
                           000000   300 	ar0 = 0x00
                                    301 ;	SPIGeneric.c:11: pRESET = 1;
                                    302 ;	assignBit
      000000 D2 96            [12]  303 	setb	_P1_6
                                    304 ;	SPIGeneric.c:12: pSCLK = 0;
                                    305 ;	assignBit
      000002 C2 92            [12]  306 	clr	_P1_2
                                    307 ;	SPIGeneric.c:13: pMOSI = 0;
                                    308 ;	assignBit
      000004 C2 95            [12]  309 	clr	_P1_5
                                    310 ;	SPIGeneric.c:14: pMISO = 1;
                                    311 ;	assignBit
      000006 D2 94            [12]  312 	setb	_P1_4
                                    313 ;	SPIGeneric.c:15: pCS = 0;
                                    314 ;	assignBit
      000008 C2 93            [12]  315 	clr	_P1_3
                                    316 ;	SPIGeneric.c:16: }
      00000A 22               [24]  317 	ret
                                    318 ;------------------------------------------------------------
                                    319 ;Allocation info for local variables in function '_spigeneric_frame_end'
                                    320 ;------------------------------------------------------------
                                    321 ;	SPIGeneric.c:18: void _spigeneric_frame_end() {
                                    322 ;	-----------------------------------------
                                    323 ;	 function _spigeneric_frame_end
                                    324 ;	-----------------------------------------
      00000B                        325 __spigeneric_frame_end:
                                    326 ;	SPIGeneric.c:19: pCS = 1;
                                    327 ;	assignBit
      00000B D2 93            [12]  328 	setb	_P1_3
                                    329 ;	SPIGeneric.c:20: pSCLK = 1;
                                    330 ;	assignBit
      00000D D2 92            [12]  331 	setb	_P1_2
                                    332 ;	SPIGeneric.c:21: pMOSI = 1;
                                    333 ;	assignBit
      00000F D2 95            [12]  334 	setb	_P1_5
                                    335 ;	SPIGeneric.c:22: pMISO = 1;
                                    336 ;	assignBit
      000011 D2 94            [12]  337 	setb	_P1_4
                                    338 ;	SPIGeneric.c:23: }
      000013 22               [24]  339 	ret
                                    340 ;------------------------------------------------------------
                                    341 ;Allocation info for local variables in function '_spigeneric_spit_bit'
                                    342 ;------------------------------------------------------------
                                    343 ;	SPIGeneric.c:25: unsigned char _spigeneric_spit_bit(unsigned char bit) {
                                    344 ;	-----------------------------------------
                                    345 ;	 function _spigeneric_spit_bit
                                    346 ;	-----------------------------------------
      000014                        347 __spigeneric_spit_bit:
                                    348 ;	SPIGeneric.c:26: pMOSI = bit;
                                    349 ;	assignBit
      000014 E5 82            [12]  350 	mov	a,dpl
      000016 24 FF            [12]  351 	add	a,#0xff
      000018 92 95            [24]  352 	mov	_P1_5,c
                                    353 ;	SPIGeneric.c:27: pSCLK = 1;
                                    354 ;	assignBit
      00001A D2 92            [12]  355 	setb	_P1_2
                                    356 ;	SPIGeneric.c:28: bit = pMISO;
      00001C A2 94            [12]  357 	mov	c,_P1_4
      00001E E4               [12]  358 	clr	a
      00001F 33               [12]  359 	rlc	a
      000020 F5 82            [12]  360 	mov	dpl,a
                                    361 ;	SPIGeneric.c:29: pSCLK = 0;
                                    362 ;	assignBit
      000022 C2 92            [12]  363 	clr	_P1_2
                                    364 ;	SPIGeneric.c:30: return bit;
                                    365 ;	SPIGeneric.c:31: }
      000024 22               [24]  366 	ret
                                    367 ;------------------------------------------------------------
                                    368 ;Allocation info for local variables in function '_spigeneric_spit_byte'
                                    369 ;------------------------------------------------------------
                                    370 ;	SPIGeneric.c:33: unsigned char _spigeneric_spit_byte(unsigned char byte) {
                                    371 ;	-----------------------------------------
                                    372 ;	 function _spigeneric_spit_byte
                                    373 ;	-----------------------------------------
      000025                        374 __spigeneric_spit_byte:
      000025 AF 82            [24]  375 	mov	r7,dpl
                                    376 ;	SPIGeneric.c:34: unsigned char i, result = 0;
      000027 7E 00            [12]  377 	mov	r6,#0x00
                                    378 ;	SPIGeneric.c:35: for (i = 0; i < 8; i++) {
      000029 7D 00            [12]  379 	mov	r5,#0x00
      00002B                        380 00102$:
                                    381 ;	SPIGeneric.c:36: result <<= 1;
      00002B 8E 04            [24]  382 	mov	ar4,r6
      00002D EC               [12]  383 	mov	a,r4
      00002E 2C               [12]  384 	add	a,r4
      00002F FC               [12]  385 	mov	r4,a
                                    386 ;	SPIGeneric.c:37: result |= _spigeneric_spit_bit((byte >> (7 - i)) & 0x01);
      000030 74 07            [12]  387 	mov	a,#0x07
      000032 C3               [12]  388 	clr	c
      000033 9D               [12]  389 	subb	a,r5
      000034 FB               [12]  390 	mov	r3,a
      000035 8B F0            [24]  391 	mov	b,r3
      000037 05 F0            [12]  392 	inc	b
      000039 EF               [12]  393 	mov	a,r7
      00003A 80 02            [24]  394 	sjmp	00118$
      00003C                        395 00117$:
      00003C C3               [12]  396 	clr	c
      00003D 13               [12]  397 	rrc	a
      00003E                        398 00118$:
      00003E D5 F0 FB         [24]  399 	djnz	b,00117$
      000041 54 01            [12]  400 	anl	a,#0x01
      000043 F5 82            [12]  401 	mov	dpl,a
      000045 C0 07            [24]  402 	push	ar7
      000047 C0 05            [24]  403 	push	ar5
      000049 C0 04            [24]  404 	push	ar4
      00004B 12r00r14         [24]  405 	lcall	__spigeneric_spit_bit
      00004E AB 82            [24]  406 	mov	r3,dpl
      000050 D0 04            [24]  407 	pop	ar4
      000052 D0 05            [24]  408 	pop	ar5
      000054 D0 07            [24]  409 	pop	ar7
      000056 EB               [12]  410 	mov	a,r3
      000057 4C               [12]  411 	orl	a,r4
      000058 FE               [12]  412 	mov	r6,a
                                    413 ;	SPIGeneric.c:35: for (i = 0; i < 8; i++) {
      000059 0D               [12]  414 	inc	r5
      00005A BD 08 00         [24]  415 	cjne	r5,#0x08,00119$
      00005D                        416 00119$:
      00005D 40 CC            [24]  417 	jc	00102$
                                    418 ;	SPIGeneric.c:39: return result;
      00005F 8E 82            [24]  419 	mov	dpl,r6
                                    420 ;	SPIGeneric.c:40: }
      000061 22               [24]  421 	ret
                                    422 ;------------------------------------------------------------
                                    423 ;Allocation info for local variables in function '_spigeneric_reset'
                                    424 ;------------------------------------------------------------
                                    425 ;	SPIGeneric.c:42: void _spigeneric_reset() {
                                    426 ;	-----------------------------------------
                                    427 ;	 function _spigeneric_reset
                                    428 ;	-----------------------------------------
      000062                        429 __spigeneric_reset:
                                    430 ;	SPIGeneric.c:43: pRESET = 0;
                                    431 ;	assignBit
      000062 C2 96            [12]  432 	clr	_P1_6
                                    433 ;	SPIGeneric.c:47: __endasm;
      000064 00               [12]  434 	nop
      000065 00               [12]  435 	nop
                                    436 ;	SPIGeneric.c:48: pRESET = 1;
                                    437 ;	assignBit
      000066 D2 96            [12]  438 	setb	_P1_6
                                    439 ;	SPIGeneric.c:49: }
      000068 22               [24]  440 	ret
                                    441 	.area CSEG    (CODE)
                                    442 	.area CONST   (CODE)
                                    443 	.area XINIT   (CODE)
                                    444 	.area CABS    (ABS,CODE)
